[debug] [2025-05-12T17:28:44.764Z] ----------------------------------------------------------------------
[debug] [2025-05-12T17:28:44.767Z] Command:       C:\Program Files\nodejs\node.exe C:\Users\zlean\AppData\Roaming\npm\node_modules\firebase-tools\lib\bin\firebase.js init
[debug] [2025-05-12T17:28:44.767Z] CLI Version:   14.3.1
[debug] [2025-05-12T17:28:44.767Z] Platform:      win32
[debug] [2025-05-12T17:28:44.767Z] Node Version:  v22.14.0
[debug] [2025-05-12T17:28:44.768Z] Time:          Mon May 12 2025 13:28:44 GMT-0400 (Eastern Daylight Time)
[debug] [2025-05-12T17:28:44.768Z] ----------------------------------------------------------------------
[debug] 
[debug] [2025-05-12T17:28:44.773Z] > command requires scopes: ["email","openid","https://www.googleapis.com/auth/cloudplatformprojects.readonly","https://www.googleapis.com/auth/firebase","https://www.googleapis.com/auth/cloud-platform"]
[debug] [2025-05-12T17:28:44.773Z] > authorizing via signed-in user (myleandrohealth@gmail.com)
[info] 
     ######## #### ########  ######## ########     ###     ######  ########
     ##        ##  ##     ## ##       ##     ##  ##   ##  ##       ##
     ######    ##  ########  ######   ########  #########  ######  ######
     ##        ##  ##    ##  ##       ##     ## ##     ##       ## ##
     ##       #### ##     ## ######## ########  ##     ##  ######  ########

You're about to initialize a Firebase project in this directory:

  C:\Users\zlean\rayspy\site

[info] 
=== Project Setup
[info] 
[info] First, let's associate this project directory with a Firebase project.
[info] You can create multiple project aliases by running firebase use --add, 
[info] but for now we'll just set up a default project.
[info] 
[info] i  If you want to create a project in a Google Cloud organization or folder, please use "firebase projects:create" instead, and return to this command when you've created the project. 
[debug] [2025-05-12T17:29:14.292Z] Checked if tokens are valid: true, expires at: 1747074452425
[debug] [2025-05-12T17:29:14.293Z] Checked if tokens are valid: true, expires at: 1747074452425
[debug] [2025-05-12T17:29:14.294Z] >>> [apiv2][query] POST https://cloudresourcemanager.googleapis.com/v1/projects [none]
[debug] [2025-05-12T17:29:14.294Z] >>> [apiv2][body] POST https://cloudresourcemanager.googleapis.com/v1/projects {"projectId":"rayspysite","name":"rayspysite"}
[debug] [2025-05-12T17:29:14.793Z] <<< [apiv2][status] POST https://cloudresourcemanager.googleapis.com/v1/projects 200
[debug] [2025-05-12T17:29:14.793Z] <<< [apiv2][body] POST https://cloudresourcemanager.googleapis.com/v1/projects {"name":"operations/create_project.global.9094429525994362004"}
[debug] [2025-05-12T17:29:14.794Z] Checked if tokens are valid: true, expires at: 1747074452425
[debug] [2025-05-12T17:29:14.794Z] Checked if tokens are valid: true, expires at: 1747074452425
[debug] [2025-05-12T17:29:14.795Z] >>> [apiv2][query] GET https://cloudresourcemanager.googleapis.com/v1/operations/create_project.global.9094429525994362004 [none]
[debug] [2025-05-12T17:29:14.892Z] <<< [apiv2][status] GET https://cloudresourcemanager.googleapis.com/v1/operations/create_project.global.9094429525994362004 200
[debug] [2025-05-12T17:29:14.893Z] <<< [apiv2][body] GET https://cloudresourcemanager.googleapis.com/v1/operations/create_project.global.9094429525994362004 {"name":"operations/create_project.global.9094429525994362004"}
[debug] [2025-05-12T17:29:15.394Z] [Project Creation Poller] Retrying task index 0
[debug] [2025-05-12T17:29:15.395Z] Checked if tokens are valid: true, expires at: 1747074452425
[debug] [2025-05-12T17:29:15.395Z] Checked if tokens are valid: true, expires at: 1747074452425
[debug] [2025-05-12T17:29:15.395Z] >>> [apiv2][query] GET https://cloudresourcemanager.googleapis.com/v1/operations/create_project.global.9094429525994362004 [none]
[debug] [2025-05-12T17:29:15.536Z] <<< [apiv2][status] GET https://cloudresourcemanager.googleapis.com/v1/operations/create_project.global.9094429525994362004 200
[debug] [2025-05-12T17:29:15.536Z] <<< [apiv2][body] GET https://cloudresourcemanager.googleapis.com/v1/operations/create_project.global.9094429525994362004 {"name":"operations/create_project.global.9094429525994362004"}
[debug] [2025-05-12T17:29:16.538Z] [Project Creation Poller] Retrying task index 0
[debug] [2025-05-12T17:29:16.539Z] Checked if tokens are valid: true, expires at: 1747074452425
[debug] [2025-05-12T17:29:16.539Z] Checked if tokens are valid: true, expires at: 1747074452425
[debug] [2025-05-12T17:29:16.539Z] >>> [apiv2][query] GET https://cloudresourcemanager.googleapis.com/v1/operations/create_project.global.9094429525994362004 [none]
[debug] [2025-05-12T17:29:16.668Z] <<< [apiv2][status] GET https://cloudresourcemanager.googleapis.com/v1/operations/create_project.global.9094429525994362004 200
[debug] [2025-05-12T17:29:16.668Z] <<< [apiv2][body] GET https://cloudresourcemanager.googleapis.com/v1/operations/create_project.global.9094429525994362004 {"name":"operations/create_project.global.9094429525994362004","metadata":{"@type":"type.googleapis.com/google.cloudresourcemanager.v1.ProjectCreationStatus","gettable":true,"ready":true},"done":true,"response":{"@type":"type.googleapis.com/google.cloudresourcemanager.v1.Project","projectNumber":"679878553573","projectId":"rayspysite","lifecycleState":"ACTIVE","name":"rayspysite","createTime":"2025-05-12T17:29:16.086544Z"}}
[debug] [2025-05-12T17:29:16.671Z] Checked if tokens are valid: true, expires at: 1747074452425
[debug] [2025-05-12T17:29:16.671Z] Checked if tokens are valid: true, expires at: 1747074452425
[debug] [2025-05-12T17:29:16.671Z] >>> [apiv2][query] POST https://firebase.googleapis.com/v1beta1/projects/rayspysite:addFirebase [none]
[debug] [2025-05-12T17:29:18.427Z] <<< [apiv2][status] POST https://firebase.googleapis.com/v1beta1/projects/rayspysite:addFirebase 200
[debug] [2025-05-12T17:29:18.427Z] <<< [apiv2][body] POST https://firebase.googleapis.com/v1beta1/projects/rayspysite:addFirebase {"name":"operations/workflows/MGY5M2Y0MDgtNDFjNC00NWFlLWEzMjQtMzA2OTg0Nzg0Y2U1"}
[debug] [2025-05-12T17:29:18.427Z] Checked if tokens are valid: true, expires at: 1747074452425
[debug] [2025-05-12T17:29:18.427Z] Checked if tokens are valid: true, expires at: 1747074452425
[debug] [2025-05-12T17:29:18.427Z] >>> [apiv2][query] GET https://firebase.googleapis.com/v1beta1/operations/workflows/MGY5M2Y0MDgtNDFjNC00NWFlLWEzMjQtMzA2OTg0Nzg0Y2U1 [none]
[debug] [2025-05-12T17:29:20.556Z] <<< [apiv2][status] GET https://firebase.googleapis.com/v1beta1/operations/workflows/MGY5M2Y0MDgtNDFjNC00NWFlLWEzMjQtMzA2OTg0Nzg0Y2U1 200
[debug] [2025-05-12T17:29:20.556Z] <<< [apiv2][body] GET https://firebase.googleapis.com/v1beta1/operations/workflows/MGY5M2Y0MDgtNDFjNC00NWFlLWEzMjQtMzA2OTg0Nzg0Y2U1 {"name":"operations/workflows/MGY5M2Y0MDgtNDFjNC00NWFlLWEzMjQtMzA2OTg0Nzg0Y2U1"}
[debug] [2025-05-12T17:29:21.062Z] [Add Firebase Poller] Retrying task index 0
[debug] [2025-05-12T17:29:21.063Z] Checked if tokens are valid: true, expires at: 1747074452425
[debug] [2025-05-12T17:29:21.063Z] Checked if tokens are valid: true, expires at: 1747074452425
[debug] [2025-05-12T17:29:21.063Z] >>> [apiv2][query] GET https://firebase.googleapis.com/v1beta1/operations/workflows/MGY5M2Y0MDgtNDFjNC00NWFlLWEzMjQtMzA2OTg0Nzg0Y2U1 [none]
[debug] [2025-05-12T17:29:21.320Z] <<< [apiv2][status] GET https://firebase.googleapis.com/v1beta1/operations/workflows/MGY5M2Y0MDgtNDFjNC00NWFlLWEzMjQtMzA2OTg0Nzg0Y2U1 200
[debug] [2025-05-12T17:29:21.320Z] <<< [apiv2][body] GET https://firebase.googleapis.com/v1beta1/operations/workflows/MGY5M2Y0MDgtNDFjNC00NWFlLWEzMjQtMzA2OTg0Nzg0Y2U1 {"name":"operations/workflows/MGY5M2Y0MDgtNDFjNC00NWFlLWEzMjQtMzA2OTg0Nzg0Y2U1"}
[debug] [2025-05-12T17:29:22.333Z] [Add Firebase Poller] Retrying task index 0
[debug] [2025-05-12T17:29:22.333Z] Checked if tokens are valid: true, expires at: 1747074452425
[debug] [2025-05-12T17:29:22.333Z] Checked if tokens are valid: true, expires at: 1747074452425
[debug] [2025-05-12T17:29:22.334Z] >>> [apiv2][query] GET https://firebase.googleapis.com/v1beta1/operations/workflows/MGY5M2Y0MDgtNDFjNC00NWFlLWEzMjQtMzA2OTg0Nzg0Y2U1 [none]
[debug] [2025-05-12T17:29:22.560Z] <<< [apiv2][status] GET https://firebase.googleapis.com/v1beta1/operations/workflows/MGY5M2Y0MDgtNDFjNC00NWFlLWEzMjQtMzA2OTg0Nzg0Y2U1 200
[debug] [2025-05-12T17:29:22.560Z] <<< [apiv2][body] GET https://firebase.googleapis.com/v1beta1/operations/workflows/MGY5M2Y0MDgtNDFjNC00NWFlLWEzMjQtMzA2OTg0Nzg0Y2U1 {"name":"operations/workflows/MGY5M2Y0MDgtNDFjNC00NWFlLWEzMjQtMzA2OTg0Nzg0Y2U1"}
[debug] [2025-05-12T17:29:24.571Z] [Add Firebase Poller] Retrying task index 0
[debug] [2025-05-12T17:29:24.572Z] Checked if tokens are valid: true, expires at: 1747074452425
[debug] [2025-05-12T17:29:24.572Z] Checked if tokens are valid: true, expires at: 1747074452425
[debug] [2025-05-12T17:29:24.572Z] >>> [apiv2][query] GET https://firebase.googleapis.com/v1beta1/operations/workflows/MGY5M2Y0MDgtNDFjNC00NWFlLWEzMjQtMzA2OTg0Nzg0Y2U1 [none]
[debug] [2025-05-12T17:29:24.702Z] <<< [apiv2][status] GET https://firebase.googleapis.com/v1beta1/operations/workflows/MGY5M2Y0MDgtNDFjNC00NWFlLWEzMjQtMzA2OTg0Nzg0Y2U1 200
[debug] [2025-05-12T17:29:24.703Z] <<< [apiv2][body] GET https://firebase.googleapis.com/v1beta1/operations/workflows/MGY5M2Y0MDgtNDFjNC00NWFlLWEzMjQtMzA2OTg0Nzg0Y2U1 {"name":"operations/workflows/MGY5M2Y0MDgtNDFjNC00NWFlLWEzMjQtMzA2OTg0Nzg0Y2U1"}
[debug] [2025-05-12T17:29:28.711Z] [Add Firebase Poller] Retrying task index 0
[debug] [2025-05-12T17:29:28.711Z] Checked if tokens are valid: true, expires at: 1747074452425
[debug] [2025-05-12T17:29:28.712Z] Checked if tokens are valid: true, expires at: 1747074452425
[debug] [2025-05-12T17:29:28.712Z] >>> [apiv2][query] GET https://firebase.googleapis.com/v1beta1/operations/workflows/MGY5M2Y0MDgtNDFjNC00NWFlLWEzMjQtMzA2OTg0Nzg0Y2U1 [none]
[debug] [2025-05-12T17:29:28.852Z] <<< [apiv2][status] GET https://firebase.googleapis.com/v1beta1/operations/workflows/MGY5M2Y0MDgtNDFjNC00NWFlLWEzMjQtMzA2OTg0Nzg0Y2U1 200
[debug] [2025-05-12T17:29:28.852Z] <<< [apiv2][body] GET https://firebase.googleapis.com/v1beta1/operations/workflows/MGY5M2Y0MDgtNDFjNC00NWFlLWEzMjQtMzA2OTg0Nzg0Y2U1 {"name":"operations/workflows/MGY5M2Y0MDgtNDFjNC00NWFlLWEzMjQtMzA2OTg0Nzg0Y2U1","done":true,"response":{"@type":"type.googleapis.com/google.firebase.service.v1beta1.FirebaseProject","projectId":"rayspysite","projectNumber":"679878553573","displayName":"rayspysite","name":"projects/rayspysite","resources":{"hostingSite":"rayspysite"}}}
[info] 
[info] === Your Firebase project is ready! ===
[info] 
[info] Project information:
[info]    - Project ID: rayspysite
[info]    - Project Name: rayspysite
[info] 
[info] Firebase console is available at
[info] https://console.firebase.google.com/project/rayspysite/overview
[info] i  Using project rayspysite (rayspysite) 
[info] 
=== Hosting Setup
[debug] [2025-05-12T17:29:28.861Z] Checked if tokens are valid: true, expires at: 1747074452425
[debug] [2025-05-12T17:29:28.861Z] Checked if tokens are valid: true, expires at: 1747074452425
[debug] [2025-05-12T17:29:28.861Z] >>> [apiv2][query] GET https://firebase.googleapis.com/v1beta1/projects/rayspysite [none]
[debug] [2025-05-12T17:29:29.224Z] <<< [apiv2][status] GET https://firebase.googleapis.com/v1beta1/projects/rayspysite 200
[debug] [2025-05-12T17:29:29.225Z] <<< [apiv2][body] GET https://firebase.googleapis.com/v1beta1/projects/rayspysite {"projectId":"rayspysite","projectNumber":"679878553573","displayName":"rayspysite","name":"projects/rayspysite","resources":{"hostingSite":"rayspysite"},"state":"ACTIVE","etag":"1_e6593b36-8301-4ba6-9428-178191a1d03c"}
[info] 
[info] Your public directory is the folder (relative to your project directory) that
[info] will contain Hosting assets to be uploaded with firebase deploy. If you
[info] have a build process for your assets, use your build's output directory.
[info] 
[debug] [2025-05-12T17:29:51.144Z] >>> [apiv2][query] GET https://www.gstatic.com/firebasejs/releases.json [none]
[debug] [2025-05-12T17:29:51.378Z] <<< [apiv2][status] GET https://www.gstatic.com/firebasejs/releases.json 200
[debug] [2025-05-12T17:29:51.378Z] <<< [apiv2][body] GET https://www.gstatic.com/firebasejs/releases.json {"current":{"version":"11.7.1","browserURL":"https://www.gstatic.com/firebasejs/11.7.1/firebase.js","packageURL":"https://www.gstatic.com/firebasejs/11.7.1/firebase.tgz"},"live":{"version":"11.7","browserURL":"https://www.gstatic.com/firebasejs/live/11.7/firebase.js","packageURL":"https://www.gstatic.com/firebasejs/live/11.7/firebase.tgz"},"components":{"analytics":"https://www.gstatic.com/firebasejs/11.7.1/firebase-analytics.js","app":"https://www.gstatic.com/firebasejs/11.7.1/firebase-app.js","app-check":"https://www.gstatic.com/firebasejs/11.7.1/firebase-app-check.js","auth":"https://www.gstatic.com/firebasejs/11.7.1/firebase-auth.js","auth/cordova":"https://www.gstatic.com/firebasejs/11.7.1/firebase-auth/cordova.js","auth/web-extension":"https://www.gstatic.com/firebasejs/11.7.1/firebase-auth/web-extension.js","functions":"https://www.gstatic.com/firebasejs/11.7.1/firebase-functions.js","firestore":"https://www.gstatic.com/firebasejs/11.7.1/firebase-firestore.js","firestore/lite":"https://www.gstatic.com/firebasejs/11.7.1/firebase-firestore/lite.js","installations":"https://www.gstatic.com/firebasejs/11.7.1/firebase-installations.js","storage":"https://www.gstatic.com/firebasejs/11.7.1/firebase-storage.js","performance":"https://www.gstatic.com/firebasejs/11.7.1/firebase-performance.js","remote-config":"https://www.gstatic.com/firebasejs/11.7.1/firebase-remote-config.js","messaging":"https://www.gstatic.com/firebasejs/11.7.1/firebase-messaging.js","messaging/sw":"https://www.gstatic.com/firebasejs/11.7.1/firebase-messaging/sw.js","database":"https://www.gstatic.com/firebasejs/11.7.1/firebase-database.js","vertexai":"https://www.gstatic.com/firebasejs/11.7.1/firebase-vertexai.js","data-connect":"https://www.gstatic.com/firebasejs/11.7.1/firebase-data-connect.js","firestore.memory":"https://www.gstatic.com/firebasejs/11.7.1/firebase-firestore.memory.js"}}
[info] +  Wrote public/index.html 
[info] 
[info] i  Didn't detect a .git folder. Assuming C:\Users\zlean\rayspy\site is the project root. 
[info] i  Authorizing with GitHub to upload your service account to a GitHub repository's secrets store. 
[info] 
[info] Visit this URL on this device to log in:
[info] https://github.com/login/oauth/authorize?client_id=89cf50f02ac6aaed3484&state=720851858&redirect_uri=http%3A%2F%2Flocalhost%3A9005&scope=read%3Auser%20repo%20public_repo
[info] 
[info] Waiting for authentication...
[debug] [2025-05-12T17:30:04.139Z] >>> [apiv2][query] POST https://github.com/login/oauth/access_token [none]
[debug] [2025-05-12T17:30:04.139Z] >>> [apiv2][body] POST https://github.com/login/oauth/access_token [stream]
[debug] [2025-05-12T17:30:04.514Z] <<< [apiv2][status] POST https://github.com/login/oauth/access_token 200
[debug] [2025-05-12T17:30:04.514Z] <<< [apiv2][body] POST https://github.com/login/oauth/access_token {"access_token":"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","token_type":"bearer","scope":"read:user,repo"}
[debug] [2025-05-12T17:30:04.520Z] >>> [apiv2][query] GET https://api.github.com/user [none]
[debug] [2025-05-12T17:30:04.917Z] <<< [apiv2][status] GET https://api.github.com/user 200
[debug] [2025-05-12T17:30:04.917Z] <<< [apiv2][body] GET https://api.github.com/user {"login":"ilike314272","id":192939370,"node_id":"U_kgDOC4AFag","avatar_url":"https://avatars.githubusercontent.com/u/192939370?v=4","gravatar_id":"","url":"https://api.github.com/users/ilike314272","html_url":"https://github.com/ilike314272","followers_url":"https://api.github.com/users/ilike314272/followers","following_url":"https://api.github.com/users/ilike314272/following{/other_user}","gists_url":"https://api.github.com/users/ilike314272/gists{/gist_id}","starred_url":"https://api.github.com/users/ilike314272/starred{/owner}{/repo}","subscriptions_url":"https://api.github.com/users/ilike314272/subscriptions","organizations_url":"https://api.github.com/users/ilike314272/orgs","repos_url":"https://api.github.com/users/ilike314272/repos","events_url":"https://api.github.com/users/ilike314272/events{/privacy}","received_events_url":"https://api.github.com/users/ilike314272/received_events","type":"User","user_view_type":"private","site_admin":false,"name":null,"company":null,"blog":"","location":null,"email":null,"hireable":null,"bio":null,"twitter_username":null,"notification_email":null,"public_repos":0,"public_gists":0,"followers":0,"following":0,"created_at":"2024-12-27T03:36:36Z","updated_at":"2025-05-12T17:29:59Z","private_gists":0,"total_private_repos":0,"owned_private_repos":0,"disk_usage":0,"collaborators":0,"two_factor_authentication":false,"plan":{"name":"free","space":976562499,"collaborators":0,"private_repos":10000}}
[info] 
[info] +  Success! Logged into GitHub as ilike314272 
[info] 
